<?xml version="1.0" encoding="UTF-8"?>
<!-- Generated by org.testng.reporters.JUnitReportReporter -->
<testsuite skipped="0" hostname="DLDA1809" name="com.qa.project.DataDriven.demo.DataDriven" tests="1" failures="0" timestamp="08 Feb 2018 05:49:07 GMT" time="0.003" errors="0">
  <testcase name="Test" time="0.003" classname="com.qa.project.DataDriven.demo.DataDriven"/>
</testsuite> <!-- com.qa.project.DataDriven.demo.DataDriven -->
