<?xml version="1.0" encoding="UTF-8"?>
<!-- Generated by org.testng.reporters.JUnitReportReporter -->
<testsuite skipped="0" hostname="DLDA1809" name="com.qa.project.DataDriven.utility.DataDriven" tests="2" failures="0" timestamp="09 Feb 2018 08:09:04 GMT" time="6.197" errors="0">
  <testcase name="translatorSetUp" time="0.628" classname="com.qa.project.DataDriven.utility.DataDriven"/>
  <testcase name="readContent" time="5.569" classname="com.qa.project.DataDriven.utility.DataDriven"/>
</testsuite> <!-- com.qa.project.DataDriven.utility.DataDriven -->
